\BOOKMARK [1][-]{section.1}{Introduction}{}% 1
\BOOKMARK [2][-]{subsection.1.1}{Overview}{section.1}% 2
\BOOKMARK [2][-]{subsection.1.2}{Analytic\040Models\040for\040Winds\040and\040Photoionisation}{section.1}% 3
\BOOKMARK [2][-]{subsection.1.3}{Structure\040and\040Observability}{section.1}% 4
\BOOKMARK [2][-]{subsection.1.4}{Numerical\040Simulations}{section.1}% 5
\BOOKMARK [2][-]{subsection.1.5}{Outline\040of\040this\040Work}{section.1}% 6
\BOOKMARK [1][-]{section.2}{Numerical\040Simulations}{}% 7
\BOOKMARK [2][-]{subsection.2.1}{Initial\040Conditions\040and\040Refinement\040Criteria}{section.2}% 8
\BOOKMARK [2][-]{subsection.2.2}{Cooling\040and\040Radiative\040Transfer}{section.2}% 9
\BOOKMARK [2][-]{subsection.2.3}{Sinks\040and\040Star\040Formation}{section.2}% 10
\BOOKMARK [2][-]{subsection.2.4}{Stellar\040Evolution\040and\040Feedback}{section.2}% 11
\BOOKMARK [1][-]{section.3}{Results}{}% 12
\BOOKMARK [2][-]{subsection.3.1}{Global\040Evolution\040of\040the\040H\040ii\040Region}{section.3}% 13
\BOOKMARK [2][-]{subsection.3.2}{Radial\040Momentum\040from\040Driven\040Outflows}{section.3}% 14
\BOOKMARK [2][-]{subsection.3.3}{Radial\040Evolution\040of\040Feedback\040Structures}{section.3}% 15
\BOOKMARK [2][-]{subsection.3.4}{The\040Evolution\040of\040the\040Embedded\040Wind\040Bubble}{section.3}% 16
\BOOKMARK [2][-]{subsection.3.5}{The\040Energetics\040of\040the\040Embedded\040Wind\040Bubble}{section.3}% 17
\BOOKMARK [1][-]{section.4}{Are\040Winds\040in\040Molecular\040Clouds\040Effective?}{}% 18
\BOOKMARK [2][-]{subsection.4.1}{Distribution\040of\040Radiative\040Emission}{section.4}% 19
\BOOKMARK [2][-]{subsection.4.2}{Other\040Effects}{section.4}% 20
\BOOKMARK [1][-]{section.5}{Conclusions}{}% 21
\BOOKMARK [1][-]{section.A1}{Stellar\040Tracks}{}% 22
\BOOKMARK [1][-]{section.A2}{Emission\040-\040Additional\040Projections}{}% 23
